<?xml version="1.0" encoding="UTF-8"?>
<!-- Generated by org.testng.reporters.JUnitReportReporter -->
<testsuite hostname="mkondic" name="primeri23.LogoutTest" tests="1" failures="0" timestamp="18 Oct 2016 17:09:47 GMT" time="0.244" errors="0">
  <testcase name="logout" time="0.244" classname="primeri23.LogoutTest"/>
</testsuite> <!-- primeri23.LogoutTest -->
