<?xml version="1.0" encoding="UTF-8"?>
<!-- Generated by org.testng.reporters.JUnitReportReporter -->
<testsuite hostname="mkondic" name="primeri23.LoginTestPage" tests="1" failures="0" timestamp="18 Oct 2016 17:09:47 GMT" time="2.282" errors="0">
  <testcase name="login" time="2.282" classname="primeri23.LoginTestPage"/>
</testsuite> <!-- primeri23.LoginTestPage -->
